The system is: Windows - 10.0.26100 - AMD64
Compiling the CXX compiler identification source file "CMakeCXXCompilerId.cpp" succeeded.
Compiler: C:/Program Files/Microsoft Visual Studio/2022/Community/VC/Tools/MSVC/14.44.35207/bin/Hostx64/x64/cl.exe 
Build flags: 
Id flags: -c 

The output was:
0
Microsoft (R) C/C++ Optimizing Compiler Version 19.44.35213 for x64
Copyright (C) Microsoft Corporation.  All rights reserved.

CMakeCXXCompilerId.cpp


Compilation of the CXX compiler identification source "CMakeCXXCompilerId.cpp" produced "CMakeCXXCompilerId.obj"

The CXX compiler identification is MSVC, found in "D:/Home/Clients/PMS/Raven/ravecluster/rave/clusterman/CMakeFiles/3.24.1/CompilerIdCXX/CMakeCXXCompilerId.obj"

Compiling the CXX compiler identification source file "CMakeCXXCompilerId.cpp" succeeded.
Compiler: C:/Program Files/Microsoft Visual Studio/2022/Community/VC/Tools/MSVC/14.44.35207/bin/Hostx64/x64/cl.exe 
Build flags: /DWIN32;/D_WINDOWS;/GR;/EHsc
Id flags:  

The output was:
0
Microsoft (R) C/C++ Optimizing Compiler Version 19.44.35213 for x64
Copyright (C) Microsoft Corporation.  All rights reserved.

CMakeCXXCompilerId.cpp
Microsoft (R) Incremental Linker Version 14.44.35213.0
Copyright (C) Microsoft Corporation.  All rights reserved.

/out:CMakeCXXCompilerId.exe 
CMakeCXXCompilerId.obj 


Compilation of the CXX compiler identification source "CMakeCXXCompilerId.cpp" produced "CMakeCXXCompilerId.exe"

Compilation of the CXX compiler identification source "CMakeCXXCompilerId.cpp" produced "CMakeCXXCompilerId.obj"

The CXX compiler identification is MSVC, found in "D:/Home/Clients/PMS/Raven/ravecluster/rave/clusterman/CMakeFiles/3.24.1/CompilerIdCXX/CMakeCXXCompilerId.exe"

Detecting CXX compiler ABI info compiled with the following output:
Change Dir: D:/Home/Clients/PMS/Raven/ravecluster/rave/clusterman/CMakeFiles/CMakeTmp

Run Build Command(s):C:/PROGRA~1/CMake/bin/ninja.exe cmTC_78ab3 && [1/2] Building CXX object CMakeFiles\cmTC_78ab3.dir\CMakeCXXCompilerABI.cpp.obj
[2/2] Linking CXX executable cmTC_78ab3.exe



